Starting generation for 100 scenarios x 6 variations = 600 total prompts.
Processing: chest_pain...
Processing: child_fever...
Processing: diabetes_diet...
Processing: burn_care...
Processing: migraine...
Processing: medication_miss...
Processing: elderly_fall...
Processing: dengue_fear...
Processing: panic_attack...
Processing: pregnancy_cold...
Processing: salary_raise...
Processing: harassment...
Processing: resignation...
Processing: layoff_anxiety...
Processing: interview_prep...
Processing: remote_work...
Processing: freelance_scam...
Processing: maternity_leave...
Processing: imposter_syndrome...
Processing: reference_letter...
Processing: security_deposit...
Processing: divorce_process...
Processing: property_dispute...
Processing: traffic_fine...
Processing: consumer_court...
Processing: employment_bond...
Processing: cyber_bullying...
Processing: cheque_bounce...
Processing: rti_application...
Processing: hit_and_run...
Processing: loan_rejection...
Processing: debt_harassment...
Processing: investment_scam...
Processing: tax_saving...
Processing: home_loan...
Processing: upi_fraud...
Processing: education_loan...
Processing: crypto_tax...
Processing: insurance_claim...
Processing: cibil_score...
Processing: scholarship...
Processing: stream_choice...
Processing: exam_stress...
Processing: loan_vs_job...
Processing: grade_appeal...
Processing: language_barrier...
Processing: gap_year...
Processing: plagiarism...
Processing: online_cert...
Processing: phd_supervisor...
Processing: visa_delay...
Processing: passport_renewal...
Processing: aadhar_update...
Processing: driving_license...
Processing: voter_id...
Processing: marriage_cert...
Processing: pension_stop...
Processing: oci_card...
Processing: customs_gold...
Processing: police_bribe...
Processing: laptop_heat...
Processing: water_damage...
Processing: hacked_gmail...
Processing: slow_wifi...
API Error for slow_wifi (F_HIN): 429 Resource exhausted. Please try again later. Please refer to https://cloud.google.com/vertex-ai/generative-ai/docs/error-code-429 for more details.
Processing: blue_screen...
API Error for blue_screen (N_HIN): 429 Resource exhausted. Please try again later. Please refer to https://cloud.google.com/vertex-ai/generative-ai/docs/error-code-429 for more details.
Processing: data_recovery...
Processing: printer_jam...
Processing: battery_drain...
Processing: update_stuck...
Processing: smart_tv...
Processing: refund_scam...
Processing: food_safety...
Processing: warranty_void...
Processing: flight_refund...
Processing: fake_product...
Processing: mrp_violation...
Processing: service_charge...
Processing: defective_car...
Processing: gym_refund...
Processing: isp_termination...
Processing: work_anxiety...
Processing: loneliness...
Processing: body_image...
Processing: grief...
Processing: relationship_abuse...
Processing: addiction...
Processing: burnout...
Processing: social_anxiety...
Processing: insomnia...
Processing: therapy_stigma...
Processing: buying_home...
Processing: rent_increase...
Processing: brokerage...
Processing: bachelor_ban...
Processing: construction_delay...
Processing: damp_walls...
Processing: eviction_threat...
Processing: registration_cost...
Processing: vastu...
Processing: power_of_attorney...
SUCCESS! Dataset saved to PromptPersona_Full_600.csv
